0 info it worked if it ends with ok
1 verbose cli [ '/usr/local/bin/node',
1 verbose cli   '/usr/local/bin/npm',
1 verbose cli   'info',
1 verbose cli   'phonegap-plugin-barcodescanner-quick' ]
2 info using npm@2.11.2
3 info using node@v0.12.5
4 silly mapToRegistry name phonegap-plugin-barcodescanner-quick
5 silly mapToRegistry using default registry
6 silly mapToRegistry registry https://registry.npmjs.org/
7 silly mapToRegistry uri https://registry.npmjs.org/phonegap-plugin-barcodescanner-quick
8 verbose request uri https://registry.npmjs.org/phonegap-plugin-barcodescanner-quick
9 verbose request no auth needed
10 info attempt registry request try #1 at 10:31:56 PM
11 verbose request using bearer token for auth
12 verbose request id 903b123743b8d8f0
13 http request GET https://registry.npmjs.org/phonegap-plugin-barcodescanner-quick
14 http 404 https://registry.npmjs.org/phonegap-plugin-barcodescanner-quick
15 verbose headers { server: 'CouchDB/1.5.0 (Erlang OTP/R16B03)',
15 verbose headers   etag: '"AJUTECJ8JS0OASMX43ZCF4FJ0"',
15 verbose headers   'content-type': 'application/json',
15 verbose headers   'cache-control': 'max-age=0',
15 verbose headers   'content-length': '445',
15 verbose headers   'accept-ranges': 'bytes',
15 verbose headers   date: 'Tue, 30 Jun 2015 04:29:29 GMT',
15 verbose headers   via: '1.1 varnish',
15 verbose headers   connection: 'keep-alive',
15 verbose headers   'x-served-by': 'cache-sjc3128-SJC',
15 verbose headers   'x-cache': 'MISS',
15 verbose headers   'x-cache-hits': '0',
15 verbose headers   'x-timer': 'S1435638569.355731,VS0,VE38',
15 verbose headers   vary: 'Accept' }
16 silly get cb [ 404,
16 silly get   { server: 'CouchDB/1.5.0 (Erlang OTP/R16B03)',
16 silly get     etag: '"AJUTECJ8JS0OASMX43ZCF4FJ0"',
16 silly get     'content-type': 'application/json',
16 silly get     'cache-control': 'max-age=0',
16 silly get     'content-length': '445',
16 silly get     'accept-ranges': 'bytes',
16 silly get     date: 'Tue, 30 Jun 2015 04:29:29 GMT',
16 silly get     via: '1.1 varnish',
16 silly get     connection: 'keep-alive',
16 silly get     'x-served-by': 'cache-sjc3128-SJC',
16 silly get     'x-cache': 'MISS',
16 silly get     'x-cache-hits': '0',
16 silly get     'x-timer': 'S1435638569.355731,VS0,VE38',
16 silly get     vary: 'Accept' } ]
17 verbose stack Error: Registry returned 404 for GET on https://registry.npmjs.org/phonegap-plugin-barcodescanner-quick
17 verbose stack     at CachingRegistryClient.<anonymous> (/usr/local/lib/node_modules/npm/node_modules/npm-registry-client/lib/request.js:239:14)
17 verbose stack     at Request._callback (/usr/local/lib/node_modules/npm/node_modules/npm-registry-client/lib/request.js:170:14)
17 verbose stack     at Request.self.callback (/usr/local/lib/node_modules/npm/node_modules/request/request.js:354:22)
17 verbose stack     at Request.emit (events.js:110:17)
17 verbose stack     at Request.<anonymous> (/usr/local/lib/node_modules/npm/node_modules/request/request.js:1207:14)
17 verbose stack     at Request.emit (events.js:129:20)
17 verbose stack     at IncomingMessage.<anonymous> (/usr/local/lib/node_modules/npm/node_modules/request/request.js:1153:12)
17 verbose stack     at IncomingMessage.emit (events.js:129:20)
17 verbose stack     at _stream_readable.js:908:16
17 verbose stack     at process._tickCallback (node.js:355:11)
18 verbose statusCode 404
19 verbose pkgid phonegap-plugin-barcodescanner-quick
20 verbose cwd /Volumes/SSHD-1T/projects/phonegap-plugin-barcodescanner
21 error Darwin 14.3.0
22 error argv "/usr/local/bin/node" "/usr/local/bin/npm" "info" "phonegap-plugin-barcodescanner-quick"
23 error node v0.12.5
24 error npm  v2.11.2
25 error code E404
26 error 404 Registry returned 404 for GET on https://registry.npmjs.org/phonegap-plugin-barcodescanner-quick
26 error 404
26 error 404 'phonegap-plugin-barcodescanner-quick' is not in the npm registry.
26 error 404 You should bug the author to publish it (or use the name yourself!)
26 error 404
26 error 404 Note that you can also install from a
26 error 404 tarball, folder, http url, or git url.
27 verbose exit [ 1, true ]
